

====================    ROCm System Management Interface    ====================
================================================================================
GPU[5] 		: GPU ID: 0x67df
GPU[3] 		: GPU ID: 0x67ef
GPU[1] 		: GPU ID: 0x67ef
GPU[6] 		: GPU ID: 0x67ef
GPU[4] 		: GPU ID: 0x67df
GPU[2] 		: GPU ID: 0x67ff
GPU[0] 		: GPU ID: 0x67ff
GPU[7] 		: GPU ID: 0x67ef
================================================================================
================================================================================
GPU[5] 		: Temperature: 68.0c
GPU[3] 		: Temperature: 53.0c
GPU[1] 		: Temperature: 74.0c
GPU[6] 		: Temperature: 74.0c
GPU[4] 		: Temperature: 63.0c
GPU[2] 		: Temperature: 62.0c
GPU[0] 		: Temperature: 62.0c
GPU[7] 		: Temperature: 74.0c
================================================================================
================================================================================
GPU[5] 		: GPU Clock Level: 7 (1320Mhz)
GPU[5] 		: GPU Memory Clock Level: 2 (1750Mhz)
GPU[3] 		: GPU Clock Level: 7 (1424Mhz)
GPU[3] 		: GPU Memory Clock Level: 2 (1500Mhz)
GPU[1] 		: GPU Clock Level: 5 (1108Mhz)
GPU[1] 		: GPU Memory Clock Level: 2 (1750Mhz)
GPU[6] 		: GPU Clock Level: 6 (1149Mhz)
GPU[6] 		: GPU Memory Clock Level: 2 (1750Mhz)
GPU[4] 		: GPU Clock Level: 7 (1365Mhz)
GPU[4] 		: GPU Memory Clock Level: 2 (2000Mhz)
GPU[2] 		: GPU Clock Level: 7 (1196Mhz)
GPU[2] 		: GPU Memory Clock Level: 2 (1750Mhz)
GPU[0] 		: GPU Clock Level: 7 (1196Mhz)
GPU[0] 		: GPU Memory Clock Level: 2 (1750Mhz)
GPU[7] 		: GPU Clock Level: 5 (1108Mhz)
GPU[7] 		: GPU Memory Clock Level: 2 (1750Mhz)
================================================================================
================================================================================
GPU[5] 		: Fan Level: 237 (92.94)%
GPU[3] 		: Fan Level: 196 (76.86)%
GPU[1] 		: Fan Level: 104 (40.78)%
GPU[6] 		: Fan Level: 145 (56.86)%
GPU[4] 		: Fan Level: 237 (92.94)%
GPU[2] 		: Fan Level: 63 (24.71)%
GPU[0] 		: Fan Level: 48 (18.82)%
GPU[7] 		: Fan Level: 147 (57.65)%
================================================================================
================================================================================
GPU[5] 		: Current PowerPlay Level: auto
GPU[3] 		: Current PowerPlay Level: manual
GPU[1] 		: Current PowerPlay Level: auto
GPU[6] 		: Current PowerPlay Level: auto
GPU[4] 		: Current PowerPlay Level: auto
GPU[2] 		: Current PowerPlay Level: auto
GPU[0] 		: Current PowerPlay Level: auto
GPU[7] 		: Current PowerPlay Level: auto
================================================================================
================================================================================
GPU[5] 		: Current OverDrive value: 0%
GPU[3] 		: Current OverDrive value: 20%
GPU[1] 		: Current OverDrive value: 0%
GPU[6] 		: Current OverDrive value: 0%
GPU[4] 		: Current OverDrive value: 0%
GPU[2] 		: Current OverDrive value: 0%
GPU[0] 		: Current OverDrive value: 0%
GPU[7] 		: Current OverDrive value: 0%
================================================================================
================================================================================
GPU[5] 		: Minimum SCLK: 1283MHz
GPU[5] 		: Minimum MCLK: 0MHz
GPU[5] 		: Activity threshold: 50%
GPU[5] 		: Hysteresis Up: 0ms
GPU[5] 		: Hysteresis Down: 5ms
GPU[3] 		: Minimum SCLK: 1149MHz
GPU[3] 		: Minimum MCLK: 0MHz
GPU[3] 		: Activity threshold: 50%
GPU[3] 		: Hysteresis Up: 0ms
GPU[3] 		: Hysteresis Down: 5ms
GPU[1] 		: Minimum SCLK: 1149MHz
GPU[1] 		: Minimum MCLK: 0MHz
GPU[1] 		: Activity threshold: 50%
GPU[1] 		: Hysteresis Up: 0ms
GPU[1] 		: Hysteresis Down: 5ms
GPU[6] 		: Minimum SCLK: 1149MHz
GPU[6] 		: Minimum MCLK: 0MHz
GPU[6] 		: Activity threshold: 50%
GPU[6] 		: Hysteresis Up: 0ms
GPU[6] 		: Hysteresis Down: 5ms
GPU[4] 		: Minimum SCLK: 1300MHz
GPU[4] 		: Minimum MCLK: 0MHz
GPU[4] 		: Activity threshold: 50%
GPU[4] 		: Hysteresis Up: 0ms
GPU[4] 		: Hysteresis Down: 5ms
GPU[2] 		: Minimum SCLK: 1168MHz
GPU[2] 		: Minimum MCLK: 0MHz
GPU[2] 		: Activity threshold: 50%
GPU[2] 		: Hysteresis Up: 0ms
GPU[2] 		: Hysteresis Down: 5ms
GPU[0] 		: Minimum SCLK: 1168MHz
GPU[0] 		: Minimum MCLK: 0MHz
GPU[0] 		: Activity threshold: 50%
GPU[0] 		: Hysteresis Up: 0ms
GPU[0] 		: Hysteresis Down: 5ms
GPU[7] 		: Minimum SCLK: 1149MHz
GPU[7] 		: Minimum MCLK: 0MHz
GPU[7] 		: Activity threshold: 50%
GPU[7] 		: Hysteresis Up: 0ms
GPU[7] 		: Hysteresis Down: 5ms
================================================================================
================================================================================
GPU[5] 		: Average GPU Power: 115.122 W
GPU[3] 		: Average GPU Power: 40.156 W
GPU[1] 		: Average GPU Power: 31.240 W
GPU[6] 		: Average GPU Power: 34.0 W
GPU[4] 		: Average GPU Power: 128.9 W
GPU[2] 		: Average GPU Power: 42.130 W
GPU[0] 		: Average GPU Power: 41.158 W
GPU[7] 		: Average GPU Power: 33.15 W
================================================================================
================================================================================
GPU[5] 		: Supported GPU clock frequencies on GPU5
GPU[5] 		: 0: 300Mhz 
GPU[5] 		: 1: 588Mhz 
GPU[5] 		: 2: 952Mhz 
GPU[5] 		: 3: 1105Mhz 
GPU[5] 		: 4: 1174Mhz 
GPU[5] 		: 5: 1239Mhz 
GPU[5] 		: 6: 1283Mhz 
GPU[5] 		: 7: 1320Mhz *
GPU[5] 		: 
GPU[5] 		: Supported GPU Memory clock frequencies on GPU5
GPU[5] 		: 0: 300Mhz 
GPU[5] 		: 1: 1000Mhz 
GPU[5] 		: 2: 1750Mhz *
GPU[5] 		: 
GPU[3] 		: Supported GPU clock frequencies on GPU3
GPU[3] 		: 0: 214Mhz 
GPU[3] 		: 1: 387Mhz 
GPU[3] 		: 2: 843Mhz 
GPU[3] 		: 3: 995Mhz 
GPU[3] 		: 4: 1062Mhz 
GPU[3] 		: 5: 1108Mhz 
GPU[3] 		: 6: 1149Mhz 
GPU[3] 		: 7: 1424Mhz *
GPU[3] 		: 
GPU[3] 		: Supported GPU Memory clock frequencies on GPU3
GPU[3] 		: 0: 300Mhz 
GPU[3] 		: 1: 625Mhz 
GPU[3] 		: 2: 1500Mhz *
GPU[3] 		: 
GPU[1] 		: Supported GPU clock frequencies on GPU1
GPU[1] 		: 0: 214Mhz 
GPU[1] 		: 1: 387Mhz 
GPU[1] 		: 2: 843Mhz 
GPU[1] 		: 3: 995Mhz 
GPU[1] 		: 4: 1062Mhz 
GPU[1] 		: 5: 1108Mhz *
GPU[1] 		: 6: 1149Mhz 
GPU[1] 		: 7: 1176Mhz 
GPU[1] 		: 
GPU[1] 		: Supported GPU Memory clock frequencies on GPU1
GPU[1] 		: 0: 300Mhz 
GPU[1] 		: 1: 625Mhz 
GPU[1] 		: 2: 1750Mhz *
GPU[1] 		: 
GPU[6] 		: Supported GPU clock frequencies on GPU6
GPU[6] 		: 0: 214Mhz 
GPU[6] 		: 1: 387Mhz 
GPU[6] 		: 2: 843Mhz 
GPU[6] 		: 3: 995Mhz 
GPU[6] 		: 4: 1062Mhz 
GPU[6] 		: 5: 1108Mhz 
GPU[6] 		: 6: 1149Mhz *
GPU[6] 		: 7: 1176Mhz 
GPU[6] 		: 
GPU[6] 		: Supported GPU Memory clock frequencies on GPU6
GPU[6] 		: 0: 300Mhz 
GPU[6] 		: 1: 625Mhz 
GPU[6] 		: 2: 1750Mhz *
GPU[6] 		: 
GPU[4] 		: Supported GPU clock frequencies on GPU4
GPU[4] 		: 0: 300Mhz 
GPU[4] 		: 1: 600Mhz 
GPU[4] 		: 2: 900Mhz 
GPU[4] 		: 3: 1145Mhz 
GPU[4] 		: 4: 1215Mhz 
GPU[4] 		: 5: 1257Mhz 
GPU[4] 		: 6: 1300Mhz 
GPU[4] 		: 7: 1365Mhz *
GPU[4] 		: 
GPU[4] 		: Supported GPU Memory clock frequencies on GPU4
GPU[4] 		: 0: 300Mhz 
GPU[4] 		: 1: 1000Mhz 
GPU[4] 		: 2: 2000Mhz *
GPU[4] 		: 
GPU[2] 		: Supported GPU clock frequencies on GPU2
GPU[2] 		: 0: 214Mhz 
GPU[2] 		: 1: 387Mhz 
GPU[2] 		: 2: 843Mhz 
GPU[2] 		: 3: 1011Mhz 
GPU[2] 		: 4: 1080Mhz 
GPU[2] 		: 5: 1126Mhz 
GPU[2] 		: 6: 1168Mhz 
GPU[2] 		: 7: 1196Mhz *
GPU[2] 		: 
GPU[2] 		: Supported GPU Memory clock frequencies on GPU2
GPU[2] 		: 0: 300Mhz 
GPU[2] 		: 1: 625Mhz 
GPU[2] 		: 2: 1750Mhz *
GPU[2] 		: 
GPU[0] 		: Supported GPU clock frequencies on GPU0
GPU[0] 		: 0: 214Mhz 
GPU[0] 		: 1: 387Mhz 
GPU[0] 		: 2: 843Mhz 
GPU[0] 		: 3: 1011Mhz 
GPU[0] 		: 4: 1080Mhz 
GPU[0] 		: 5: 1126Mhz 
GPU[0] 		: 6: 1168Mhz 
GPU[0] 		: 7: 1196Mhz *
GPU[0] 		: 
GPU[0] 		: Supported GPU Memory clock frequencies on GPU0
GPU[0] 		: 0: 300Mhz 
GPU[0] 		: 1: 625Mhz 
GPU[0] 		: 2: 1750Mhz *
GPU[0] 		: 
GPU[7] 		: Supported GPU clock frequencies on GPU7
GPU[7] 		: 0: 214Mhz 
GPU[7] 		: 1: 387Mhz 
GPU[7] 		: 2: 843Mhz 
GPU[7] 		: 3: 995Mhz 
GPU[7] 		: 4: 1062Mhz 
GPU[7] 		: 5: 1108Mhz *
GPU[7] 		: 6: 1149Mhz 
GPU[7] 		: 7: 1176Mhz 
GPU[7] 		: 
GPU[7] 		: Supported GPU Memory clock frequencies on GPU7
GPU[7] 		: 0: 300Mhz 
GPU[7] 		: 1: 625Mhz 
GPU[7] 		: 2: 1750Mhz *
GPU[7] 		: 
================================================================================
====================           End of ROCm SMI Log          ====================

